TN:
SF:script/PointsHook.s.sol
DA:26,0
FN:26,PointsHookScript.run
FNDA:0,PointsHookScript.run
DA:27,0
DA:30,0
DA:33,0
DA:34,0
DA:36,0
DA:39,0
DA:40,0
BRDA:40,0,0,-
BRDA:40,0,1,-
DA:42,0
FNF:1
FNH:0
LF:9
LH:0
BRF:2
BRH:0
end_of_record
TN:
SF:src/PointsHook.sol
DA:22,3
FN:22,PointsHook.getHookPermissions
FNDA:3,PointsHook.getHookPermissions
DA:28,3
DA:29,3
DA:47,0
FN:47,PointsHook.uri
FNDA:0,PointsHook.uri
DA:48,0
DA:51,2
FN:51,PointsHook._afterSwap
FNDA:2,PointsHook._afterSwap
DA:60,2
BRDA:60,0,0,-
DA:63,2
BRDA:63,1,0,1
DA:74,1
DA:75,1
DA:78,1
DA:80,1
DA:83,1
FN:83,PointsHook._assignPoints
FNDA:1,PointsHook._assignPoints
DA:89,1
BRDA:89,2,0,1
DA:92,1
DA:96,1
BRDA:96,3,0,-
DA:99,1
DA:100,1
FNF:4
FNH:3
LF:18
LH:16
BRF:4
BRH:2
end_of_record
TN:
SF:src/USDC.sol
DA:8,1
FN:8,USDC.balanceOf
FNDA:1,USDC.balanceOf
DA:9,1
DA:10,1
FNF:1
FNH:1
LF:3
LH:3
BRF:0
BRH:0
end_of_record
